<?xml version="1.0" encoding="UTF-8"?>
<coverage generated="1682787293">
  <project timestamp="1682787293">
    <file name="/app/src/SEVatNumberFormatValidatorsConfig.php">
      <class name="rocketfellows\SEVatNumberFormatValidatorsConfig\SEVatNumberFormatValidatorsConfig" namespace="global">
        <metrics complexity="2" methods="2" coveredmethods="2" conditionals="0" coveredconditionals="0" statements="2" coveredstatements="2" elements="4" coveredelements="4"/>
      </class>
      <line num="13" type="method" name="getCountry" visibility="public" complexity="1" crap="1" count="8"/>
      <line num="15" type="stmt" count="8"/>
      <line num="18" type="method" name="getDefaultValidator" visibility="protected" complexity="1" crap="1" count="4"/>
      <line num="20" type="stmt" count="4"/>
      <metrics loc="23" ncloc="23" classes="1" methods="2" coveredmethods="2" conditionals="0" coveredconditionals="0" statements="2" coveredstatements="2" elements="4" coveredelements="4"/>
    </file>
    <metrics files="1" loc="23" ncloc="23" classes="1" methods="2" coveredmethods="2" conditionals="0" coveredconditionals="0" statements="2" coveredstatements="2" elements="4" coveredelements="4"/>
  </project>
</coverage>
